<?xml version="1.0" encoding="UTF-8"?>
<coverage generated="1529821642">
  <project timestamp="1529821642">
    <package name="TimSDK\Container">
      <file name="E:\Desktop\open-source\TimSDK\src/Container/ServiceContainer.php">
        <class name="ServiceContainer" namespace="TimSDK\Container" fullPackage="TimSDK" package="TimSDK">
          <metrics methods="14" coveredmethods="13" conditionals="0" coveredconditionals="0" statements="44" coveredstatements="42" elements="58" coveredelements="55"/>
        </class>
        <line num="67" type="method" name="__construct" crap="1" count="31"/>
        <line num="69" type="stmt" count="31"/>
        <line num="71" type="stmt" count="31"/>
        <line num="73" type="stmt" count="31"/>
        <line num="75" type="stmt" count="31"/>
        <line num="77" type="stmt" count="31"/>
        <line num="78" type="stmt" count="31"/>
        <line num="87" type="method" name="__get" crap="1" count="3"/>
        <line num="89" type="stmt" count="3"/>
        <line num="98" type="method" name="__set" crap="1" count="1"/>
        <line num="100" type="stmt" count="1"/>
        <line num="101" type="stmt" count="1"/>
        <line num="112" type="method" name="offsetGet" crap="2" count="23"/>
        <line num="113" type="stmt" count="13"/>
        <line num="114" type="stmt" count="23"/>
        <line num="115" type="stmt" count="3"/>
        <line num="118" type="stmt" count="21"/>
        <line num="125" type="method" name="setInstance" crap="1" count="31"/>
        <line num="127" type="stmt" count="31"/>
        <line num="135" type="method" name="getInstance" crap="2.50" count="8"/>
        <line num="137" type="stmt" count="8"/>
        <line num="138" type="stmt" count="0"/>
        <line num="139" type="stmt" count="0"/>
        <line num="140" type="stmt" count="8"/>
        <line num="150" type="method" name="instance" crap="1" count="31"/>
        <line num="152" type="stmt" count="31"/>
        <line num="154" type="stmt" count="31"/>
        <line num="160" type="method" name="setBasePath" crap="1" count="31"/>
        <line num="162" type="stmt" count="31"/>
        <line num="164" type="stmt" count="31"/>
        <line num="165" type="stmt" count="31"/>
        <line num="166" type="stmt" count="31"/>
        <line num="174" type="method" name="basePath" crap="2" count="31"/>
        <line num="176" type="stmt" count="31"/>
        <line num="184" type="method" name="version" crap="1" count="1"/>
        <line num="186" type="stmt" count="1"/>
        <line num="192" type="method" name="getConfig" crap="1" count="10"/>
        <line num="197" type="stmt" count="10"/>
        <line num="198" type="stmt" count="10"/>
        <line num="199" type="stmt" count="10"/>
        <line num="200" type="stmt" count="10"/>
        <line num="202" type="stmt" count="10"/>
        <line num="209" type="method" name="registerProviders" crap="2" count="31"/>
        <line num="211" type="stmt" count="31"/>
        <line num="212" type="stmt" count="31"/>
        <line num="213" type="stmt" count="31"/>
        <line num="214" type="stmt" count="31"/>
        <line num="221" type="method" name="registerBaseBindings" crap="1" count="31"/>
        <line num="223" type="stmt" count="31"/>
        <line num="225" type="stmt" count="31"/>
        <line num="227" type="stmt" count="31"/>
        <line num="228" type="stmt" count="31"/>
        <line num="235" type="method" name="getProviders" crap="1" count="31"/>
        <line num="237" type="stmt" count="31"/>
        <line num="238" type="stmt" count="31"/>
        <line num="239" type="stmt" count="31"/>
        <line num="240" type="stmt" count="31"/>
        <line num="241" type="stmt" count="31"/>
        <metrics loc="243" ncloc="129" classes="1" methods="14" coveredmethods="13" conditionals="0" coveredconditionals="0" statements="44" coveredstatements="42" elements="58" coveredelements="55"/>
      </file>
    </package>
    <file name="E:\Desktop\open-source\TimSDK\src/Container/ServiceContainerInterface.php">
      <metrics loc="24" ncloc="10" classes="0" methods="0" coveredmethods="0" conditionals="0" coveredconditionals="0" statements="0" coveredstatements="0" elements="0" coveredelements="0"/>
    </file>
    <file name="E:\Desktop\open-source\TimSDK\src/Core/API.php">
      <metrics loc="95" ncloc="69" classes="0" methods="0" coveredmethods="0" conditionals="0" coveredconditionals="0" statements="0" coveredstatements="0" elements="0" coveredelements="0"/>
    </file>
    <package name="TimSDK\Core">
      <file name="E:\Desktop\open-source\TimSDK\src/Core/ApiAlias.php">
        <class name="ApiAlias" namespace="TimSDK\Core">
          <metrics methods="3" coveredmethods="3" conditionals="0" coveredconditionals="0" statements="6" coveredstatements="6" elements="9" coveredelements="9"/>
        </class>
        <line num="15" type="method" name="__construct" crap="1" count="3"/>
        <line num="17" type="stmt" count="3"/>
        <line num="18" type="stmt" count="3"/>
        <line num="19" type="stmt" count="3"/>
        <line num="21" type="method" name="get" crap="2" count="3"/>
        <line num="23" type="stmt" count="3"/>
        <line num="25" type="stmt" count="3"/>
        <line num="28" type="method" name="offsetGet" crap="1" count="3"/>
        <line num="30" type="stmt" count="3"/>
        <metrics loc="32" ncloc="26" classes="1" methods="3" coveredmethods="3" conditionals="0" coveredconditionals="0" statements="6" coveredstatements="6" elements="9" coveredelements="9"/>
      </file>
      <file name="E:\Desktop\open-source\TimSDK\src/Core/BaseIMCloud.php">
        <class name="BaseIMCloud" namespace="TimSDK\Core">
          <metrics methods="5" coveredmethods="1" conditionals="0" coveredconditionals="0" statements="15" coveredstatements="3" elements="20" coveredelements="4"/>
        </class>
        <line num="27" type="method" name="__construct" crap="1" count="6"/>
        <line num="29" type="stmt" count="6"/>
        <line num="31" type="stmt" count="6"/>
        <line num="32" type="stmt" count="2"/>
        <line num="37" type="method" name="initialize" crap="2" count="0"/>
        <line num="39" type="stmt" count="0"/>
        <line num="49" type="method" name="httpPost" crap="2" count="0"/>
        <line num="51" type="stmt" count="0"/>
        <line num="53" type="stmt" count="0"/>
        <line num="65" type="method" name="httpPostJson" crap="6" count="0"/>
        <line num="67" type="stmt" count="0"/>
        <line num="68" type="stmt" count="0"/>
        <line num="69" type="stmt" count="0"/>
        <line num="78" type="method" name="request" crap="2" count="0"/>
        <line num="83" type="stmt" count="0"/>
        <line num="85" type="stmt" count="0"/>
        <line num="86" type="stmt" count="0"/>
        <line num="87" type="stmt" count="0"/>
        <line num="88" type="stmt" count="0"/>
        <line num="89" type="stmt" count="0"/>
        <metrics loc="91" ncloc="49" classes="1" methods="5" coveredmethods="1" conditionals="0" coveredconditionals="0" statements="15" coveredstatements="3" elements="20" coveredelements="4"/>
      </file>
      <file name="E:\Desktop\open-source\TimSDK\src/Core/IMCloud.php">
        <class name="IMCloud" namespace="TimSDK\Core">
          <metrics methods="10" coveredmethods="7" conditionals="0" coveredconditionals="0" statements="62" coveredstatements="57" elements="72" coveredelements="64"/>
        </class>
        <line num="33" type="method" name="needRefresh" crap="1" count="2"/>
        <line num="35" type="stmt" count="2"/>
        <line num="36" type="stmt" count="2"/>
        <line num="41" type="method" name="isNeedRefresh" crap="1" count="1"/>
        <line num="43" type="stmt" count="1"/>
        <line num="52" type="method" name="initialize" crap="1" count="6"/>
        <line num="54" type="stmt" count="6"/>
        <line num="55" type="stmt" count="2"/>
        <line num="69" type="method" name="handle" crap="2.00" count="1"/>
        <line num="71" type="stmt" count="1"/>
        <line num="72" type="stmt" count="1"/>
        <line num="73" type="stmt" count="1"/>
        <line num="75" type="stmt" count="1"/>
        <line num="76" type="stmt" count="1"/>
        <line num="77" type="stmt" count="1"/>
        <line num="78" type="stmt" count="1"/>
        <line num="79" type="stmt" count="1"/>
        <line num="81" type="stmt" count="1"/>
        <line num="83" type="stmt" count="0"/>
        <line num="93" type="method" name="generateSig" crap="1" count="2"/>
        <line num="95" type="stmt" count="2"/>
        <line num="105" type="method" name="getLatestConfigParameters" crap="5" count="6"/>
        <line num="107" type="stmt" count="6"/>
        <line num="108" type="stmt" count="6"/>
        <line num="109" type="stmt" count="6"/>
        <line num="110" type="stmt" count="6"/>
        <line num="111" type="stmt" count="6"/>
        <line num="112" type="stmt" count="6"/>
        <line num="113" type="stmt" count="6"/>
        <line num="114" type="stmt" count="6"/>
        <line num="116" type="stmt" count="6"/>
        <line num="117" type="stmt" count="6"/>
        <line num="118" type="stmt" count="6"/>
        <line num="120" type="stmt" count="6"/>
        <line num="121" type="stmt" count="6"/>
        <line num="122" type="stmt" count="6"/>
        <line num="124" type="stmt" count="6"/>
        <line num="125" type="stmt" count="6"/>
        <line num="126" type="stmt" count="4"/>
        <line num="127" type="stmt" count="4"/>
        <line num="129" type="stmt" count="5"/>
        <line num="131" type="stmt" count="2"/>
        <line num="132" type="stmt" count="2"/>
        <line num="134" type="stmt" count="2"/>
        <line num="145" type="method" name="getLatestQueryString" crap="5" count="2"/>
        <line num="147" type="stmt" count="2"/>
        <line num="149" type="stmt" count="2"/>
        <line num="151" type="stmt" count="2"/>
        <line num="152" type="stmt" count="2"/>
        <line num="153" type="stmt" count="2"/>
        <line num="154" type="stmt" count="2"/>
        <line num="156" type="stmt" count="2"/>
        <line num="158" type="stmt" count="2"/>
        <line num="159" type="stmt" count="2"/>
        <line num="162" type="stmt" count="1"/>
        <line num="171" type="method" name="getFullApiUrl" crap="6" count="0"/>
        <line num="173" type="stmt" count="0"/>
        <line num="183" type="method" name="checkAndThrow" crap="5.93" count="1"/>
        <line num="185" type="stmt" count="1"/>
        <line num="186" type="stmt" count="1"/>
        <line num="187" type="stmt" count="1"/>
        <line num="189" type="stmt" count="1"/>
        <line num="190" type="stmt" count="1"/>
        <line num="191" type="stmt" count="0"/>
        <line num="192" type="stmt" count="0"/>
        <line num="193" type="stmt" count="1"/>
        <line num="195" type="stmt" count="0"/>
        <line num="205" type="method" name="initializeQuery" crap="3" count="6"/>
        <line num="207" type="stmt" count="6"/>
        <line num="208" type="stmt" count="6"/>
        <line num="209" type="stmt" count="2"/>
        <line num="211" type="stmt" count="2"/>
        <metrics loc="213" ncloc="134" classes="1" methods="10" coveredmethods="7" conditionals="0" coveredconditionals="0" statements="62" coveredstatements="57" elements="72" coveredelements="64"/>
      </file>
      <file name="E:\Desktop\open-source\TimSDK\src/Core/TLSSig.php">
        <class name="TLSSig" namespace="TimSDK\Core" fullPackage="TimSDK" package="TimSDK">
          <metrics methods="10" coveredmethods="0" conditionals="0" coveredconditionals="0" statements="129" coveredstatements="0" elements="139" coveredelements="0"/>
        </class>
        <line num="28" type="method" name="setAppid" crap="2" count="0"/>
        <line num="29" type="stmt" count="0"/>
        <line num="30" type="stmt" count="0"/>
        <line num="31" type="stmt" count="0"/>
        <line num="38" type="method" name="setPrivateKey" crap="6" count="0"/>
        <line num="39" type="stmt" count="0"/>
        <line num="40" type="stmt" count="0"/>
        <line num="41" type="stmt" count="0"/>
        <line num="42" type="stmt" count="0"/>
        <line num="43" type="stmt" count="0"/>
        <line num="44" type="stmt" count="0"/>
        <line num="45" type="stmt" count="0"/>
        <line num="52" type="method" name="setPublicKey" crap="6" count="0"/>
        <line num="53" type="stmt" count="0"/>
        <line num="54" type="stmt" count="0"/>
        <line num="55" type="stmt" count="0"/>
        <line num="56" type="stmt" count="0"/>
        <line num="57" type="stmt" count="0"/>
        <line num="58" type="stmt" count="0"/>
        <line num="59" type="stmt" count="0"/>
        <line num="67" type="method" name="base64Encode" crap="6" count="0"/>
        <line num="68" type="stmt" count="0"/>
        <line num="69" type="stmt" count="0"/>
        <line num="70" type="stmt" count="0"/>
        <line num="71" type="stmt" count="0"/>
        <line num="72" type="stmt" count="0"/>
        <line num="73" type="stmt" count="0"/>
        <line num="74" type="stmt" count="0"/>
        <line num="75" type="stmt" count="0"/>
        <line num="83" type="method" name="base64Decode" crap="6" count="0"/>
        <line num="84" type="stmt" count="0"/>
        <line num="85" type="stmt" count="0"/>
        <line num="86" type="stmt" count="0"/>
        <line num="87" type="stmt" count="0"/>
        <line num="88" type="stmt" count="0"/>
        <line num="89" type="stmt" count="0"/>
        <line num="90" type="stmt" count="0"/>
        <line num="91" type="stmt" count="0"/>
        <line num="92" type="stmt" count="0"/>
        <line num="100" type="method" name="genSignContent" crap="12" count="0"/>
        <line num="101" type="stmt" count="0"/>
        <line num="102" type="stmt" count="0"/>
        <line num="103" type="stmt" count="0"/>
        <line num="104" type="stmt" count="0"/>
        <line num="105" type="stmt" count="0"/>
        <line num="106" type="stmt" count="0"/>
        <line num="107" type="stmt" count="0"/>
        <line num="108" type="stmt" count="0"/>
        <line num="109" type="stmt" count="0"/>
        <line num="110" type="stmt" count="0"/>
        <line num="111" type="stmt" count="0"/>
        <line num="112" type="stmt" count="0"/>
        <line num="113" type="stmt" count="0"/>
        <line num="114" type="stmt" count="0"/>
        <line num="115" type="stmt" count="0"/>
        <line num="116" type="stmt" count="0"/>
        <line num="117" type="stmt" count="0"/>
        <line num="118" type="stmt" count="0"/>
        <line num="125" type="method" name="sign" crap="6" count="0"/>
        <line num="126" type="stmt" count="0"/>
        <line num="127" type="stmt" count="0"/>
        <line num="128" type="stmt" count="0"/>
        <line num="129" type="stmt" count="0"/>
        <line num="130" type="stmt" count="0"/>
        <line num="131" type="stmt" count="0"/>
        <line num="132" type="stmt" count="0"/>
        <line num="140" type="method" name="verify" crap="6" count="0"/>
        <line num="141" type="stmt" count="0"/>
        <line num="142" type="stmt" count="0"/>
        <line num="143" type="stmt" count="0"/>
        <line num="144" type="stmt" count="0"/>
        <line num="145" type="stmt" count="0"/>
        <line num="146" type="stmt" count="0"/>
        <line num="147" type="stmt" count="0"/>
        <line num="155" type="method" name="genSig" crap="20" count="0"/>
        <line num="156" type="stmt" count="0"/>
        <line num="157" type="stmt" count="0"/>
        <line num="158" type="stmt" count="0"/>
        <line num="159" type="stmt" count="0"/>
        <line num="160" type="stmt" count="0"/>
        <line num="161" type="stmt" count="0"/>
        <line num="162" type="stmt" count="0"/>
        <line num="163" type="stmt" count="0"/>
        <line num="164" type="stmt" count="0"/>
        <line num="165" type="stmt" count="0"/>
        <line num="166" type="stmt" count="0"/>
        <line num="167" type="stmt" count="0"/>
        <line num="168" type="stmt" count="0"/>
        <line num="169" type="stmt" count="0"/>
        <line num="170" type="stmt" count="0"/>
        <line num="171" type="stmt" count="0"/>
        <line num="172" type="stmt" count="0"/>
        <line num="173" type="stmt" count="0"/>
        <line num="174" type="stmt" count="0"/>
        <line num="175" type="stmt" count="0"/>
        <line num="176" type="stmt" count="0"/>
        <line num="177" type="stmt" count="0"/>
        <line num="178" type="stmt" count="0"/>
        <line num="179" type="stmt" count="0"/>
        <line num="180" type="stmt" count="0"/>
        <line num="181" type="stmt" count="0"/>
        <line num="182" type="stmt" count="0"/>
        <line num="193" type="method" name="verifySig" crap="72" count="0"/>
        <line num="194" type="stmt" count="0"/>
        <line num="195" type="stmt" count="0"/>
        <line num="196" type="stmt" count="0"/>
        <line num="197" type="stmt" count="0"/>
        <line num="198" type="stmt" count="0"/>
        <line num="199" type="stmt" count="0"/>
        <line num="200" type="stmt" count="0"/>
        <line num="201" type="stmt" count="0"/>
        <line num="202" type="stmt" count="0"/>
        <line num="203" type="stmt" count="0"/>
        <line num="204" type="stmt" count="0"/>
        <line num="205" type="stmt" count="0"/>
        <line num="206" type="stmt" count="0"/>
        <line num="207" type="stmt" count="0"/>
        <line num="208" type="stmt" count="0"/>
        <line num="209" type="stmt" count="0"/>
        <line num="210" type="stmt" count="0"/>
        <line num="211" type="stmt" count="0"/>
        <line num="212" type="stmt" count="0"/>
        <line num="213" type="stmt" count="0"/>
        <line num="214" type="stmt" count="0"/>
        <line num="215" type="stmt" count="0"/>
        <line num="216" type="stmt" count="0"/>
        <line num="217" type="stmt" count="0"/>
        <line num="218" type="stmt" count="0"/>
        <line num="219" type="stmt" count="0"/>
        <line num="220" type="stmt" count="0"/>
        <line num="221" type="stmt" count="0"/>
        <line num="222" type="stmt" count="0"/>
        <line num="223" type="stmt" count="0"/>
        <line num="224" type="stmt" count="0"/>
        <line num="225" type="stmt" count="0"/>
        <line num="226" type="stmt" count="0"/>
        <line num="227" type="stmt" count="0"/>
        <line num="228" type="stmt" count="0"/>
        <line num="229" type="stmt" count="0"/>
        <metrics loc="230" ncloc="162" classes="1" methods="10" coveredmethods="0" conditionals="0" coveredconditionals="0" statements="129" coveredstatements="0" elements="139" coveredelements="0"/>
      </file>
    </package>
    <package name="TimSDK\Core\ServiceProviders">
      <file name="E:\Desktop\open-source\TimSDK\src/Core/ServiceProviders/ApiAliasServiceProvider.php">
        <class name="ApiAliasServiceProvider" namespace="TimSDK\Core\ServiceProviders">
          <metrics methods="1" coveredmethods="1" conditionals="0" coveredconditionals="0" statements="1" coveredstatements="1" elements="2" coveredelements="2"/>
        </class>
        <line num="27" type="method" name="anonymous function" crap="1" count="3"/>
        <line num="28" type="stmt" count="3"/>
        <line num="30" type="stmt" count="12"/>
        <metrics loc="31" ncloc="17" classes="1" methods="1" coveredmethods="1" conditionals="0" coveredconditionals="0" statements="2" coveredstatements="2" elements="3" coveredelements="3"/>
      </file>
      <file name="E:\Desktop\open-source\TimSDK\src/Core/ServiceProviders/IMCloudServiceProvider.php">
        <class name="IMCloudServiceProvider" namespace="TimSDK\Core\ServiceProviders">
          <metrics methods="2" coveredmethods="1" conditionals="0" coveredconditionals="0" statements="6" coveredstatements="1" elements="8" coveredelements="2"/>
        </class>
        <line num="26" type="method" name="register" crap="1" count="12"/>
        <line num="29" type="stmt" count="6"/>
        <line num="32" type="method" name="anonymous function" crap="2" count="0"/>
        <line num="33" type="stmt" count="0"/>
        <line num="34" type="stmt" count="0"/>
        <line num="35" type="stmt" count="0"/>
        <line num="36" type="stmt" count="0"/>
        <line num="38" type="stmt" count="0"/>
        <line num="40" type="stmt" count="12"/>
        <metrics loc="41" ncloc="27" classes="1" methods="2" coveredmethods="1" conditionals="0" coveredconditionals="0" statements="7" coveredstatements="2" elements="9" coveredelements="3"/>
      </file>
    </package>
    <package name="TimSDK\Foundation">
      <file name="E:\Desktop\open-source\TimSDK\src/Foundation/Config.php">
        <class name="Config" namespace="TimSDK\Foundation">
          <metrics methods="0" coveredmethods="0" conditionals="0" coveredconditionals="0" statements="0" coveredstatements="0" elements="0" coveredelements="0"/>
        </class>
        <metrics loc="15" ncloc="9" classes="1" methods="0" coveredmethods="0" conditionals="0" coveredconditionals="0" statements="0" coveredstatements="0" elements="0" coveredelements="0"/>
      </file>
      <file name="E:\Desktop\open-source\TimSDK\src/Foundation/ResponseBag.php">
        <class name="ResponseBag" namespace="TimSDK\Foundation" fullPackage="TimSDK" package="TimSDK">
          <metrics methods="7" coveredmethods="6" conditionals="0" coveredconditionals="0" statements="18" coveredstatements="17" elements="25" coveredelements="23"/>
        </class>
        <line num="38" type="method" name="__construct" crap="1" count="5"/>
        <line num="40" type="stmt" count="5"/>
        <line num="41" type="stmt" count="5"/>
        <line num="42" type="stmt" count="5"/>
        <line num="43" type="stmt" count="5"/>
        <line num="48" type="method" name="getStatusCode" crap="1" count="1"/>
        <line num="50" type="stmt" count="1"/>
        <line num="56" type="method" name="getHeaders" crap="1" count="1"/>
        <line num="58" type="stmt" count="1"/>
        <line num="64" type="method" name="getContents" crap="1" count="2"/>
        <line num="66" type="stmt" count="2"/>
        <line num="76" type="method" name="getHeader" crap="2" count="0"/>
        <line num="78" type="stmt" count="0"/>
        <line num="88" type="method" name="getContent" crap="1" count="1"/>
        <line num="90" type="stmt" count="1"/>
        <line num="99" type="method" name="getCollectionItems" crap="5" count="5"/>
        <line num="101" type="stmt" count="5"/>
        <line num="102" type="stmt" count="1"/>
        <line num="103" type="stmt" count="5"/>
        <line num="104" type="stmt" count="1"/>
        <line num="105" type="stmt" count="5"/>
        <line num="107" type="stmt" count="2"/>
        <line num="108" type="stmt" count="2"/>
        <line num="110" type="stmt" count="2"/>
        <line num="112" type="stmt" count="5"/>
        <metrics loc="114" ncloc="64" classes="1" methods="7" coveredmethods="6" conditionals="0" coveredconditionals="0" statements="18" coveredstatements="17" elements="25" coveredelements="23"/>
      </file>
    </package>
    <package name="TimSDK\Foundation\Log">
      <file name="E:\Desktop\open-source\TimSDK\src/Foundation/Log/LogManager.php">
        <class name="LogManager" namespace="TimSDK\Foundation\Log">
          <metrics methods="33" coveredmethods="32" conditionals="0" coveredconditionals="0" statements="109" coveredstatements="104" elements="142" coveredelements="136"/>
        </class>
        <line num="65" type="method" name="__construct" crap="1" count="19"/>
        <line num="67" type="stmt" count="19"/>
        <line num="68" type="stmt" count="19"/>
        <line num="78" type="method" name="stack" crap="1" count="1"/>
        <line num="80" type="stmt" count="1"/>
        <line num="90" type="method" name="channel" crap="1" count="2"/>
        <line num="92" type="stmt" count="2"/>
        <line num="101" type="method" name="driver" crap="2" count="15"/>
        <line num="103" type="stmt" count="15"/>
        <line num="113" type="method" name="get" crap="2" count="16"/>
        <line num="116" type="stmt" count="16"/>
        <line num="119" type="stmt" count="3"/>
        <line num="120" type="stmt" count="3"/>
        <line num="121" type="stmt" count="3"/>
        <line num="122" type="stmt" count="3"/>
        <line num="123" type="stmt" count="3"/>
        <line num="125" type="stmt" count="3"/>
        <line num="138" type="method" name="resolve" crap="4" count="16"/>
        <line num="140" type="stmt" count="16"/>
        <line num="141" type="stmt" count="16"/>
        <line num="142" type="stmt" count="2"/>
        <line num="144" type="stmt" count="14"/>
        <line num="145" type="stmt" count="1"/>
        <line num="147" type="stmt" count="13"/>
        <line num="148" type="stmt" count="13"/>
        <line num="149" type="stmt" count="12"/>
        <line num="151" type="stmt" count="1"/>
        <line num="159" type="method" name="createEmergencyLogger" crap="1" count="1"/>
        <line num="161" type="stmt" count="1"/>
        <line num="162" type="stmt" count="1"/>
        <line num="163" type="stmt" count="1"/>
        <line num="164" type="stmt" count="1"/>
        <line num="165" type="stmt" count="1"/>
        <line num="175" type="method" name="callCustomCreator" crap="1" count="1"/>
        <line num="177" type="stmt" count="1"/>
        <line num="187" type="method" name="createStackDriver" crap="2" count="2"/>
        <line num="189" type="stmt" count="2"/>
        <line num="190" type="stmt" count="2"/>
        <line num="191" type="stmt" count="2"/>
        <line num="192" type="stmt" count="2"/>
        <line num="194" type="stmt" count="2"/>
        <line num="206" type="method" name="createSingleDriver" crap="2" count="5"/>
        <line num="208" type="stmt" count="5"/>
        <line num="209" type="stmt" count="1"/>
        <line num="212" type="stmt" count="4"/>
        <line num="213" type="stmt" count="4"/>
        <line num="214" type="stmt" count="4"/>
        <line num="215" type="stmt" count="4"/>
        <line num="216" type="stmt" count="4"/>
        <line num="228" type="method" name="createDailyDriver" crap="2" count="2"/>
        <line num="230" type="stmt" count="2"/>
        <line num="231" type="stmt" count="1"/>
        <line num="234" type="stmt" count="1"/>
        <line num="235" type="stmt" count="1"/>
        <line num="236" type="stmt" count="1"/>
        <line num="237" type="stmt" count="1"/>
        <line num="238" type="stmt" count="1"/>
        <line num="248" type="method" name="createSlackDriver" crap="1" count="1"/>
        <line num="250" type="stmt" count="1"/>
        <line num="251" type="stmt" count="1"/>
        <line num="252" type="stmt" count="1"/>
        <line num="253" type="stmt" count="1"/>
        <line num="254" type="stmt" count="1"/>
        <line num="255" type="stmt" count="1"/>
        <line num="256" type="stmt" count="1"/>
        <line num="257" type="stmt" count="1"/>
        <line num="258" type="stmt" count="1"/>
        <line num="259" type="stmt" count="1"/>
        <line num="260" type="stmt" count="1"/>
        <line num="261" type="stmt" count="1"/>
        <line num="271" type="method" name="createSyslogDriver" crap="1" count="1"/>
        <line num="273" type="stmt" count="1"/>
        <line num="274" type="stmt" count="1"/>
        <line num="275" type="stmt" count="1"/>
        <line num="276" type="stmt" count="1"/>
        <line num="277" type="stmt" count="1"/>
        <line num="287" type="method" name="createErrorlogDriver" crap="1" count="7"/>
        <line num="289" type="stmt" count="7"/>
        <line num="290" type="stmt" count="7"/>
        <line num="291" type="stmt" count="7"/>
        <line num="292" type="stmt" count="7"/>
        <line num="293" type="stmt" count="7"/>
        <line num="303" type="method" name="prepareHandlers" crap="2" count="1"/>
        <line num="305" type="stmt" count="1"/>
        <line num="306" type="stmt" count="1"/>
        <line num="307" type="stmt" count="1"/>
        <line num="309" type="stmt" count="1"/>
        <line num="319" type="method" name="prepareHandler" crap="1" count="10"/>
        <line num="321" type="stmt" count="10"/>
        <line num="329" type="method" name="formatter" crap="1" count="10"/>
        <line num="331" type="stmt" count="10"/>
        <line num="332" type="stmt" count="10"/>
        <line num="334" type="stmt" count="10"/>
        <line num="344" type="method" name="parseChannel" crap="1" count="9"/>
        <line num="346" type="stmt" count="9"/>
        <line num="358" type="method" name="level" crap="2" count="11"/>
        <line num="360" type="stmt" count="11"/>
        <line num="362" type="stmt" count="11"/>
        <line num="363" type="stmt" count="10"/>
        <line num="366" type="stmt" count="1"/>
        <line num="374" type="method" name="getDefaultDriver" crap="1" count="13"/>
        <line num="376" type="stmt" count="13"/>
        <line num="385" type="method" name="setDefaultDriver" crap="1" count="1"/>
        <line num="387" type="stmt" count="1"/>
        <line num="389" type="stmt" count="1"/>
        <line num="398" type="method" name="addChannels" crap="6" count="0"/>
        <line num="400" type="stmt" count="0"/>
        <line num="402" type="stmt" count="0"/>
        <line num="403" type="stmt" count="0"/>
        <line num="404" type="stmt" count="0"/>
        <line num="406" type="stmt" count="0"/>
        <line num="417" type="method" name="extend" crap="1" count="1"/>
        <line num="419" type="stmt" count="1"/>
        <line num="421" type="stmt" count="1"/>
        <line num="432" type="method" name="emergency" crap="1" count="1"/>
        <line num="434" type="stmt" count="1"/>
        <line num="448" type="method" name="alert" crap="1" count="1"/>
        <line num="450" type="stmt" count="1"/>
        <line num="451" type="stmt" count="1"/>
        <line num="463" type="method" name="critical" crap="1" count="1"/>
        <line num="465" type="stmt" count="1"/>
        <line num="466" type="stmt" count="1"/>
        <line num="477" type="method" name="error" crap="1" count="1"/>
        <line num="479" type="stmt" count="1"/>
        <line num="480" type="stmt" count="1"/>
        <line num="493" type="method" name="warning" crap="1" count="1"/>
        <line num="495" type="stmt" count="1"/>
        <line num="496" type="stmt" count="1"/>
        <line num="506" type="method" name="notice" crap="1" count="1"/>
        <line num="508" type="stmt" count="1"/>
        <line num="509" type="stmt" count="1"/>
        <line num="521" type="method" name="info" crap="1" count="1"/>
        <line num="523" type="stmt" count="1"/>
        <line num="524" type="stmt" count="1"/>
        <line num="534" type="method" name="debug" crap="1" count="8"/>
        <line num="536" type="stmt" count="8"/>
        <line num="537" type="stmt" count="8"/>
        <line num="548" type="method" name="log" crap="1" count="9"/>
        <line num="550" type="stmt" count="9"/>
        <line num="551" type="stmt" count="9"/>
        <line num="561" type="method" name="__call" crap="1" count="1"/>
        <line num="564" type="stmt" count="1"/>
        <metrics loc="566" ncloc="286" classes="1" methods="33" coveredmethods="32" conditionals="0" coveredconditionals="0" statements="109" coveredstatements="104" elements="142" coveredelements="136"/>
      </file>
    </package>
    <package name="TimSDK">
      <file name="E:\Desktop\open-source\TimSDK\src/TimCloud.php">
        <class name="TimCloud" namespace="TimSDK" fullPackage="TimSDK" package="TimSDK">
          <metrics methods="10" coveredmethods="8" conditionals="0" coveredconditionals="0" statements="46" coveredstatements="42" elements="56" coveredelements="50"/>
        </class>
        <line num="98" type="method" name="__construct" crap="2" count="12"/>
        <line num="100" type="stmt" count="12"/>
        <line num="101" type="stmt" count="10"/>
        <line num="102" type="stmt" count="10"/>
        <line num="103" type="stmt" count="10"/>
        <line num="105" type="stmt" count="12"/>
        <line num="106" type="stmt" count="12"/>
        <line num="108" type="method" name="setAppId" crap="1" count="2"/>
        <line num="110" type="stmt" count="2"/>
        <line num="112" type="stmt" count="2"/>
        <line num="115" type="method" name="setIdentifier" crap="2" count="2"/>
        <line num="117" type="stmt" count="2"/>
        <line num="118" type="stmt" count="2"/>
        <line num="119" type="stmt" count="2"/>
        <line num="121" type="stmt" count="2"/>
        <line num="124" type="method" name="setPrivateKey" crap="3.14" count="2"/>
        <line num="126" type="stmt" count="2"/>
        <line num="127" type="stmt" count="0"/>
        <line num="128" type="stmt" count="0"/>
        <line num="129" type="stmt" count="2"/>
        <line num="132" type="stmt" count="2"/>
        <line num="133" type="stmt" count="2"/>
        <line num="134" type="stmt" count="2"/>
        <line num="136" type="stmt" count="2"/>
        <line num="139" type="method" name="setPublicKey" crap="2.15" count="2"/>
        <line num="141" type="stmt" count="2"/>
        <line num="142" type="stmt" count="0"/>
        <line num="143" type="stmt" count="0"/>
        <line num="144" type="stmt" count="2"/>
        <line num="147" type="stmt" count="2"/>
        <line num="149" type="stmt" count="2"/>
        <line num="152" type="method" name="formatKey" crap="2" count="10"/>
        <line num="154" type="stmt" count="10"/>
        <line num="156" type="stmt" count="10"/>
        <line num="157" type="stmt" count="1"/>
        <line num="160" type="stmt" count="10"/>
        <line num="161" type="stmt" count="10"/>
        <line num="162" type="stmt" count="10"/>
        <line num="173" type="method" name="request" crap="1" count="2"/>
        <line num="175" type="stmt" count="2"/>
        <line num="183" type="method" name="version" crap="1" count="1"/>
        <line num="185" type="stmt" count="1"/>
        <line num="195" type="method" name="__call" crap="1" count="1"/>
        <line num="197" type="stmt" count="1"/>
        <line num="198" type="stmt" count="1"/>
        <line num="199" type="stmt" count="1"/>
        <line num="201" type="stmt" count="1"/>
        <line num="204" type="method" name="setConfig" crap="3" count="2"/>
        <line num="206" type="stmt" count="2"/>
        <line num="207" type="stmt" count="2"/>
        <line num="208" type="stmt" count="2"/>
        <line num="209" type="stmt" count="2"/>
        <line num="210" type="stmt" count="2"/>
        <line num="211" type="stmt" count="2"/>
        <line num="212" type="stmt" count="2"/>
        <line num="213" type="stmt" count="2"/>
        <metrics loc="214" ncloc="115" classes="1" methods="10" coveredmethods="8" conditionals="0" coveredconditionals="0" statements="46" coveredstatements="42" elements="56" coveredelements="50"/>
      </file>
    </package>
    <metrics files="13" loc="1909" ncloc="1097" classes="11" methods="95" coveredmethods="72" conditionals="0" coveredconditionals="0" statements="438" coveredstatements="275" elements="533" coveredelements="347"/>
  </project>
</coverage>
